Arguments: 
  /usr/local/bin/node /Users/mathieuchauvin/.yarn/bin/yarn.js test

PATH: 
  /Users/mathieuchauvin/.local/share/solana/install/active_release/bin:/Users/mathieuchauvin/.yarn/bin:/Users/mathieuchauvin/.config/yarn/global/node_modules/.bin:/usr/local/anaconda3/bin:/usr/local/bin:/usr/bin:/bin:/usr/sbin:/sbin:/opt/ImageMagick/bin:/Users/mathieuchauvin/.yarn/bin:/Users/mathieuchauvin/.config/yarn/global/node_modules/.bin:/usr/local/anaconda3/bin:/Users/mathieuchauvin/.cargo/bin

Yarn version: 
  1.22.17

Node version: 
  17.1.0

Platform: 
  darwin x64

Trace: 
  SyntaxError: /Users/mathieuchauvin/Work/solana/raw-escrow/package.json: Unexpected token } in JSON at position 212
      at JSON.parse (<anonymous>)
      at /Users/mathieuchauvin/.yarn/lib/cli.js:1625:59
      at Generator.next (<anonymous>)
      at step (/Users/mathieuchauvin/.yarn/lib/cli.js:310:30)
      at /Users/mathieuchauvin/.yarn/lib/cli.js:321:13

npm manifest: 
  {
    "dependencies": {
      "@solana/web3.js": "^1.43.2",
      "chai": "^4.3.6"
    },
    "devDependencies": {
      "@types/mocha": "^9.1.1"
    },
    "scripts": {
      "test": "mocha -r ts-node/register src/**/test.ts",
    }
  }

yarn manifest: 
  No manifest

Lockfile: 
  # THIS IS AN AUTOGENERATED FILE. DO NOT EDIT THIS FILE DIRECTLY.
  # yarn lockfile v1
  
  
  "@babel/runtime@^7.12.5", "@babel/runtime@^7.17.2":
    "integrity" "sha512-38Y8f7YUhce/K7RMwTp7m0uCumpv9hZkitCbBClqQIow1qSbCvGkcegKOXpEWCQLfWmevgRiWokZ1GkpfhbZug=="
    "resolved" "https://registry.npmjs.org/@babel/runtime/-/runtime-7.18.3.tgz"
    "version" "7.18.3"
    dependencies:
      "regenerator-runtime" "^0.13.4"
  
  "@ethersproject/bytes@^5.6.1":
    "integrity" "sha512-NwQt7cKn5+ZE4uDn+X5RAXLp46E1chXoaMmrxAyA0rblpxz8t58lVkrHXoRIn0lz1joQElQ8410GqhTqMOwc6g=="
    "resolved" "https://registry.npmjs.org/@ethersproject/bytes/-/bytes-5.6.1.tgz"
    "version" "5.6.1"
    dependencies:
      "@ethersproject/logger" "^5.6.0"
  
  "@ethersproject/logger@^5.6.0":
    "integrity" "sha512-BiBWllUROH9w+P21RzoxJKzqoqpkyM1pRnEKG69bulE9TSQD8SAIvTQqIMZmmCO8pUNkgLP1wndX1gKghSpBmg=="
    "resolved" "https://registry.npmjs.org/@ethersproject/logger/-/logger-5.6.0.tgz"
    "version" "5.6.0"
  
  "@ethersproject/sha2@^5.5.0":
    "integrity" "sha512-5K2GyqcW7G4Yo3uenHegbXRPDgARpWUiXc6RiF7b6i/HXUoWlb7uCARh7BAHg7/qT/Q5ydofNwiZcim9qpjB6g=="
    "resolved" "https://registry.npmjs.org/@ethersproject/sha2/-/sha2-5.6.1.tgz"
    "version" "5.6.1"
    dependencies:
      "@ethersproject/bytes" "^5.6.1"
      "@ethersproject/logger" "^5.6.0"
      "hash.js" "1.1.7"
  
  "@solana/buffer-layout@^4.0.0":
    "integrity" "sha512-lR0EMP2HC3+Mxwd4YcnZb0smnaDw7Bl2IQWZiTevRH5ZZBZn6VRWn3/92E3qdU4SSImJkA6IDHawOHAnx/qUvQ=="
    "resolved" "https://registry.npmjs.org/@solana/buffer-layout/-/buffer-layout-4.0.0.tgz"
    "version" "4.0.0"
    dependencies:
      "buffer" "~6.0.3"
  
  "@solana/web3.js@^1.43.2":
    "integrity" "sha512-1f4Njy98f5dKa/x8fvMG3EaY4e5UNEXYRqCpAHpY8MkfROnedZOFHk+w6CD3+7UjJzjdQJzD7YdwYEQErEVYWQ=="
    "resolved" "https://registry.npmjs.org/@solana/web3.js/-/web3.js-1.43.2.tgz"
    "version" "1.43.2"
    dependencies:
      "@babel/runtime" "^7.12.5"
      "@ethersproject/sha2" "^5.5.0"
      "@solana/buffer-layout" "^4.0.0"
      "bigint-buffer" "^1.1.5"
      "bn.js" "^5.0.0"
      "borsh" "^0.7.0"
      "bs58" "^4.0.1"
      "buffer" "6.0.1"
      "fast-stable-stringify" "^1.0.0"
      "jayson" "^3.4.4"
      "js-sha3" "^0.8.0"
      "node-fetch" "2"
      "rpc-websockets" "^7.4.2"
      "secp256k1" "^4.0.2"
      "superstruct" "^0.14.2"
      "tweetnacl" "^1.0.0"
  
  "@types/connect@^3.4.33":
    "integrity" "sha512-cdeYyv4KWoEgpBISTxWvqYsVy444DOqehiF3fM3ne10AmJ62RSyNkUnxMJXHQWRQQX2eR94m5y1IZyDwBjV9FQ=="
    "resolved" "https://registry.npmjs.org/@types/connect/-/connect-3.4.35.tgz"
    "version" "3.4.35"
    dependencies:
      "@types/node" "*"
  
  "@types/express-serve-static-core@^4.17.9":
    "integrity" "sha512-P1BJAEAW3E2DJUlkgq4tOL3RyMunoWXqbSCygWo5ZIWTjUgN1YnaXWW4VWl/oc8vs/XoYibEGBKP0uZyF4AHig=="
    "resolved" "https://registry.npmjs.org/@types/express-serve-static-core/-/express-serve-static-core-4.17.28.tgz"
    "version" "4.17.28"
    dependencies:
      "@types/node" "*"
      "@types/qs" "*"
      "@types/range-parser" "*"
  
  "@types/lodash@^4.14.159":
    "integrity" "sha512-/THyiqyQAP9AfARo4pF+aCGcyiQ94tX/Is2I7HofNRqoYLgN1PBoOWu2/zTA5zMxzP5EFutMtWtGAFRKUe961Q=="
    "resolved" "https://registry.npmjs.org/@types/lodash/-/lodash-4.14.182.tgz"
    "version" "4.14.182"
  
  "@types/mocha@^9.1.1":
    "integrity" "sha512-Z61JK7DKDtdKTWwLeElSEBcWGRLY8g95ic5FoQqI9CMx0ns/Ghep3B4DfcEimiKMvtamNVULVNKEsiwV3aQmXw=="
    "resolved" "https://registry.npmjs.org/@types/mocha/-/mocha-9.1.1.tgz"
    "version" "9.1.1"
  
  "@types/node@*":
    "integrity" "sha512-V3orv+ggDsWVHP99K3JlwtH20R7J4IhI1Kksgc+64q5VxgfRkQG8Ws3MFm/FZOKDYGy9feGFlZ70/HpCNe9QaA=="
    "resolved" "https://registry.npmjs.org/@types/node/-/node-17.0.36.tgz"
    "version" "17.0.36"
  
  "@types/node@^12.12.54":
    "integrity" "sha512-cfkwWw72849SNYp3Zx0IcIs25vABmFh73xicxhCkTcvtZQeIez15PpwQN8fY3RD7gv1Wrxlc9MEtfMORZDEsGw=="
    "resolved" "https://registry.npmjs.org/@types/node/-/node-12.20.52.tgz"
    "version" "12.20.52"
  
  "@types/qs@*":
    "integrity" "sha512-FGa1F62FT09qcrueBA6qYTrJPVDzah9a+493+o2PCXsesWHIn27G98TsSMs3WPNbZIEj4+VJf6saSFpvD+3Zsw=="
    "resolved" "https://registry.npmjs.org/@types/qs/-/qs-6.9.7.tgz"
    "version" "6.9.7"
  
  "@types/range-parser@*":
    "integrity" "sha512-EEhsLsD6UsDM1yFhAvy0Cjr6VwmpMWqFBCb9w07wVugF7w9nfajxLuVmngTIpgS6svCnm6Vaw+MZhoDCKnOfsw=="
    "resolved" "https://registry.npmjs.org/@types/range-parser/-/range-parser-1.2.4.tgz"
    "version" "1.2.4"
  
  "@types/ws@^7.4.4":
    "integrity" "sha512-JQbbmxZTZehdc2iszGKs5oC3NFnjeay7mtAWrdt7qNtAVK0g19muApzAy4bm9byz79xa2ZnO/BOBC2R8RC5Lww=="
    "resolved" "https://registry.npmjs.org/@types/ws/-/ws-7.4.7.tgz"
    "version" "7.4.7"
    dependencies:
      "@types/node" "*"
  
  "assertion-error@^1.1.0":
    "integrity" "sha512-jgsaNduz+ndvGyFt3uSuWqvy4lCnIJiovtouQN5JZHOKCS2QuhEdbcQHFhVksz2N2U9hXJo8odG7ETyWlEeuDw=="
    "resolved" "https://registry.npmjs.org/assertion-error/-/assertion-error-1.1.0.tgz"
    "version" "1.1.0"
  
  "base-x@^3.0.2":
    "integrity" "sha512-H7JU6iBHTal1gp56aKoaa//YUxEaAOUiydvrV/pILqIHXTtqxSkATOnDA2u+jZ/61sD+L/412+7kzXRtWukhpQ=="
    "resolved" "https://registry.npmjs.org/base-x/-/base-x-3.0.9.tgz"
    "version" "3.0.9"
    dependencies:
      "safe-buffer" "^5.0.1"
  
  "base64-js@^1.3.1":
    "integrity" "sha512-AKpaYlHn8t4SVbOHCy+b5+KKgvR4vrsD8vbvrbiQJps7fKDTkjkDry6ji0rUJjC0kzbNePLwzxq8iypo41qeWA=="
    "resolved" "https://registry.npmjs.org/base64-js/-/base64-js-1.5.1.tgz"
    "version" "1.5.1"
  
  "bigint-buffer@^1.1.5":
    "integrity" "sha512-trfYco6AoZ+rKhKnxA0hgX0HAbVP/s808/EuDSe2JDzUnCp/xAsli35Orvk67UrTEcwuxZqYZDmfA2RXJgxVvA=="
    "resolved" "https://registry.npmjs.org/bigint-buffer/-/bigint-buffer-1.1.5.tgz"
    "version" "1.1.5"
    dependencies:
      "bindings" "^1.3.0"
  
  "bindings@^1.3.0":
    "integrity" "sha512-p2q/t/mhvuOj/UeLlV6566GD/guowlr0hHxClI0W9m7MWYkL1F0hLo+0Aexs9HSPCtR1SXQ0TD3MMKrXZajbiQ=="
    "resolved" "https://registry.npmjs.org/bindings/-/bindings-1.5.0.tgz"
    "version" "1.5.0"
    dependencies:
      "file-uri-to-path" "1.0.0"
  
  "bn.js@^4.11.9":
    "integrity" "sha512-c98Bf3tPniI+scsdk237ku1Dc3ujXQTSgyiPUDEOe7tRkhrqridvh8klBv0HCEso1OLOYcHuCv/cS6DNxKH+ZA=="
    "resolved" "https://registry.npmjs.org/bn.js/-/bn.js-4.12.0.tgz"
    "version" "4.12.0"
  
  "bn.js@^5.0.0", "bn.js@^5.2.0":
    "integrity" "sha512-eXRvHzWyYPBuB4NBy0cmYQjGitUrtqwbvlzP3G6VFnNRbsZQIxQ10PbKKHt8gZ/HW/D/747aDl+QkDqg3KQLMQ=="
    "resolved" "https://registry.npmjs.org/bn.js/-/bn.js-5.2.1.tgz"
    "version" "5.2.1"
  
  "borsh@^0.7.0":
    "integrity" "sha512-CLCsZGIBCFnPtkNnieW/a8wmreDmfUtjU2m9yHrzPXIlNbqVs0AQrSatSG6vdNYUqdc83tkQi2eHfF98ubzQLA=="
    "resolved" "https://registry.npmjs.org/borsh/-/borsh-0.7.0.tgz"
    "version" "0.7.0"
    dependencies:
      "bn.js" "^5.2.0"
      "bs58" "^4.0.0"
      "text-encoding-utf-8" "^1.0.2"
  
  "brorand@^1.1.0":
    "integrity" "sha512-cKV8tMCEpQs4hK/ik71d6LrPOnpkpGBR0wzxqr68g2m/LB2GxVYQroAjMJZRVM1Y4BCjCKc3vAamxSzOY2RP+w=="
    "resolved" "https://registry.npmjs.org/brorand/-/brorand-1.1.0.tgz"
    "version" "1.1.0"
  
  "bs58@^4.0.0", "bs58@^4.0.1":
    "integrity" "sha512-Ok3Wdf5vOIlBrgCvTq96gBkJw+JUEzdBgyaza5HLtPm7yTHkjRy8+JzNyHF7BHa0bNWOQIp3m5YF0nnFcOIKLw=="
    "resolved" "https://registry.npmjs.org/bs58/-/bs58-4.0.1.tgz"
    "version" "4.0.1"
    dependencies:
      "base-x" "^3.0.2"
  
  "buffer@~6.0.3":
    "integrity" "sha512-FTiCpNxtwiZZHEZbcbTIcZjERVICn9yq/pDFkTl95/AxzD1naBctN7YO68riM/gLSDY7sdrMby8hofADYuuqOA=="
    "resolved" "https://registry.npmjs.org/buffer/-/buffer-6.0.3.tgz"
    "version" "6.0.3"
    dependencies:
      "base64-js" "^1.3.1"
      "ieee754" "^1.2.1"
  
  "buffer@6.0.1":
    "integrity" "sha512-rVAXBwEcEoYtxnHSO5iWyhzV/O1WMtkUYWlfdLS7FjU4PnSJJHEfHXi/uHPI5EwltmOA794gN3bm3/pzuctWjQ=="
    "resolved" "https://registry.npmjs.org/buffer/-/buffer-6.0.1.tgz"
    "version" "6.0.1"
    dependencies:
      "base64-js" "^1.3.1"
      "ieee754" "^1.2.1"
  
  "bufferutil@^4.0.1":
    "integrity" "sha512-jduaYOYtnio4aIAyc6UbvPCVcgq7nYpVnucyxr6eCYg/Woad9Hf/oxxBRDnGGjPfjUm6j5O/uBWhIu4iLebFaw=="
    "resolved" "https://registry.npmjs.org/bufferutil/-/bufferutil-4.0.6.tgz"
    "version" "4.0.6"
    dependencies:
      "node-gyp-build" "^4.3.0"
  
  "chai@^4.3.6":
    "integrity" "sha512-bbcp3YfHCUzMOvKqsztczerVgBKSsEijCySNlHHbX3VG1nskvqjz5Rfso1gGwD6w6oOV3eI60pKuMOV5MV7p3Q=="
    "resolved" "https://registry.npmjs.org/chai/-/chai-4.3.6.tgz"
    "version" "4.3.6"
    dependencies:
      "assertion-error" "^1.1.0"
      "check-error" "^1.0.2"
      "deep-eql" "^3.0.1"
      "get-func-name" "^2.0.0"
      "loupe" "^2.3.1"
      "pathval" "^1.1.1"
      "type-detect" "^4.0.5"
  
  "check-error@^1.0.2":
    "integrity" "sha512-BrgHpW9NURQgzoNyjfq0Wu6VFO6D7IZEmJNdtgNqpzGG8RuNFHt2jQxWlAs4HMe119chBnv+34syEZtc6IhLtA=="
    "resolved" "https://registry.npmjs.org/check-error/-/check-error-1.0.2.tgz"
    "version" "1.0.2"
  
  "commander@^2.20.3":
    "integrity" "sha512-GpVkmM8vF2vQUkj2LvZmD35JxeJOLCwJ9cUkugyk2nuhbv3+mJvpLYYt+0+USMxE+oj+ey/lJEnhZw75x/OMcQ=="
    "resolved" "https://registry.npmjs.org/commander/-/commander-2.20.3.tgz"
    "version" "2.20.3"
  
  "deep-eql@^3.0.1":
    "integrity" "sha512-+QeIQyN5ZuO+3Uk5DYh6/1eKO0m0YmJFGNmFHGACpf1ClL1nmlV/p4gNgbl2pJGxgXb4faqo6UE+M5ACEMyVcw=="
    "resolved" "https://registry.npmjs.org/deep-eql/-/deep-eql-3.0.1.tgz"
    "version" "3.0.1"
    dependencies:
      "type-detect" "^4.0.0"
  
  "delay@^5.0.0":
    "integrity" "sha512-ReEBKkIfe4ya47wlPYf/gu5ib6yUG0/Aez0JQZQz94kiWtRQvZIQbTiehsnwHvLSWJnQdhVeqYue7Id1dKr0qw=="
    "resolved" "https://registry.npmjs.org/delay/-/delay-5.0.0.tgz"
    "version" "5.0.0"
  
  "elliptic@^6.5.4":
    "integrity" "sha512-iLhC6ULemrljPZb+QutR5TQGB+pdW6KGD5RSegS+8sorOZT+rdQFbsQFJgvN3eRqNALqJer4oQ16YvJHlU8hzQ=="
    "resolved" "https://registry.npmjs.org/elliptic/-/elliptic-6.5.4.tgz"
    "version" "6.5.4"
    dependencies:
      "bn.js" "^4.11.9"
      "brorand" "^1.1.0"
      "hash.js" "^1.0.0"
      "hmac-drbg" "^1.0.1"
      "inherits" "^2.0.4"
      "minimalistic-assert" "^1.0.1"
      "minimalistic-crypto-utils" "^1.0.1"
  
  "es6-promise@^4.0.3":
    "integrity" "sha512-HJDGx5daxeIvxdBxvG2cb9g4tEvwIk3i8+nhX0yGrYmZUzbkdg8QbDevheDB8gd0//uPj4c1EQua8Q+MViT0/w=="
    "resolved" "https://registry.npmjs.org/es6-promise/-/es6-promise-4.2.8.tgz"
    "version" "4.2.8"
  
  "es6-promisify@^5.0.0":
    "integrity" "sha512-C+d6UdsYDk0lMebHNR4S2NybQMMngAOnOwYBQjTOiv0MkoJMP0Myw2mgpDLBcpfCmRLxyFqYhS/CfOENq4SJhQ=="
    "resolved" "https://registry.npmjs.org/es6-promisify/-/es6-promisify-5.0.0.tgz"
    "version" "5.0.0"
    dependencies:
      "es6-promise" "^4.0.3"
  
  "eventemitter3@^4.0.7":
    "integrity" "sha512-8guHBZCwKnFhYdHr2ysuRWErTwhoN2X8XELRlrRwpmfeY2jjuUN4taQMsULKUVo1K4DvZl+0pgfyoysHxvmvEw=="
    "resolved" "https://registry.npmjs.org/eventemitter3/-/eventemitter3-4.0.7.tgz"
    "version" "4.0.7"
  
  "eyes@^0.1.8":
    "integrity" "sha512-GipyPsXO1anza0AOZdy69Im7hGFCNB7Y/NGjDlZGJ3GJJLtwNSb2vrzYrTYJRrRloVx7pl+bhUaTB8yiccPvFQ=="
    "resolved" "https://registry.npmjs.org/eyes/-/eyes-0.1.8.tgz"
    "version" "0.1.8"
  
  "fast-stable-stringify@^1.0.0":
    "integrity" "sha512-wpYMUmFu5f00Sm0cj2pfivpmawLZ0NKdviQ4w9zJeR8JVtOpOxHmLaJuj0vxvGqMJQWyP/COUkF75/57OKyRag=="
    "resolved" "https://registry.npmjs.org/fast-stable-stringify/-/fast-stable-stringify-1.0.0.tgz"
    "version" "1.0.0"
  
  "file-uri-to-path@1.0.0":
    "integrity" "sha512-0Zt+s3L7Vf1biwWZ29aARiVYLx7iMGnEUl9x33fbB/j3jR81u/O2LbqK+Bm1CDSNDKVtJ/YjwY7TUd5SkeLQLw=="
    "resolved" "https://registry.npmjs.org/file-uri-to-path/-/file-uri-to-path-1.0.0.tgz"
    "version" "1.0.0"
  
  "get-func-name@^2.0.0":
    "integrity" "sha512-Hm0ixYtaSZ/V7C8FJrtZIuBBI+iSgL+1Aq82zSu8VQNB4S3Gk8e7Qs3VwBDJAhmRZcFqkl3tQu36g/Foh5I5ig=="
    "resolved" "https://registry.npmjs.org/get-func-name/-/get-func-name-2.0.0.tgz"
    "version" "2.0.0"
  
  "hash.js@^1.0.0", "hash.js@^1.0.3", "hash.js@1.1.7":
    "integrity" "sha512-taOaskGt4z4SOANNseOviYDvjEJinIkRgmp7LbKP2YTTmVxWBl87s/uzK9r+44BclBSp2X7K1hqeNfz9JbBeXA=="
    "resolved" "https://registry.npmjs.org/hash.js/-/hash.js-1.1.7.tgz"
    "version" "1.1.7"
    dependencies:
      "inherits" "^2.0.3"
      "minimalistic-assert" "^1.0.1"
  
  "hmac-drbg@^1.0.1":
    "integrity" "sha512-Tti3gMqLdZfhOQY1Mzf/AanLiqh1WTiJgEj26ZuYQ9fbkLomzGchCws4FyrSd4VkpBfiNhaE1On+lOz894jvXg=="
    "resolved" "https://registry.npmjs.org/hmac-drbg/-/hmac-drbg-1.0.1.tgz"
    "version" "1.0.1"
    dependencies:
      "hash.js" "^1.0.3"
      "minimalistic-assert" "^1.0.0"
      "minimalistic-crypto-utils" "^1.0.1"
  
  "ieee754@^1.2.1":
    "integrity" "sha512-dcyqhDvX1C46lXZcVqCpK+FtMRQVdIMN6/Df5js2zouUsqG7I6sFxitIC+7KYK29KdXOLHdu9zL4sFnoVQnqaA=="
    "resolved" "https://registry.npmjs.org/ieee754/-/ieee754-1.2.1.tgz"
    "version" "1.2.1"
  
  "inherits@^2.0.3", "inherits@^2.0.4":
    "integrity" "sha512-k/vGaX4/Yla3WzyMCvTQOXYeIHvqOKtnqBduzTHpzpQZzAskKMhZ2K+EnBiSM9zGSoIFeMpXKxa4dYeZIQqewQ=="
    "resolved" "https://registry.npmjs.org/inherits/-/inherits-2.0.4.tgz"
    "version" "2.0.4"
  
  "isomorphic-ws@^4.0.1":
    "integrity" "sha512-BhBvN2MBpWTaSHdWRb/bwdZJ1WaehQ2L1KngkCkfLUGF0mAWAT1sQUQacEmQ0jXkFw/czDXPNQSL5u2/Krsz1w=="
    "resolved" "https://registry.npmjs.org/isomorphic-ws/-/isomorphic-ws-4.0.1.tgz"
    "version" "4.0.1"
  
  "jayson@^3.4.4":
    "integrity" "sha512-f71uvrAWTtrwoww6MKcl9phQTC+56AopLyEenWvKVAIMz+q0oVGj6tenLZ7Z6UiPBkJtKLj4kt0tACllFQruGQ=="
    "resolved" "https://registry.npmjs.org/jayson/-/jayson-3.6.6.tgz"
    "version" "3.6.6"
    dependencies:
      "@types/connect" "^3.4.33"
      "@types/express-serve-static-core" "^4.17.9"
      "@types/lodash" "^4.14.159"
      "@types/node" "^12.12.54"
      "@types/ws" "^7.4.4"
      "commander" "^2.20.3"
      "delay" "^5.0.0"
      "es6-promisify" "^5.0.0"
      "eyes" "^0.1.8"
      "isomorphic-ws" "^4.0.1"
      "json-stringify-safe" "^5.0.1"
      "JSONStream" "^1.3.5"
      "lodash" "^4.17.20"
      "uuid" "^8.3.2"
      "ws" "^7.4.5"
  
  "js-sha3@^0.8.0":
    "integrity" "sha512-gF1cRrHhIzNfToc802P800N8PpXS+evLLXfsVpowqmAFR9uwbi89WvXg2QspOmXL8QL86J4T1EpFu+yUkwJY3Q=="
    "resolved" "https://registry.npmjs.org/js-sha3/-/js-sha3-0.8.0.tgz"
    "version" "0.8.0"
  
  "json-stringify-safe@^5.0.1":
    "integrity" "sha512-ZClg6AaYvamvYEE82d3Iyd3vSSIjQ+odgjaTzRuO3s7toCdFKczob2i0zCh7JE8kWn17yvAWhUVxvqGwUalsRA=="
    "resolved" "https://registry.npmjs.org/json-stringify-safe/-/json-stringify-safe-5.0.1.tgz"
    "version" "5.0.1"
  
  "jsonparse@^1.2.0":
    "integrity" "sha512-POQXvpdL69+CluYsillJ7SUhKvytYjW9vG/GKpnf+xP8UWgYEM/RaMzHHofbALDiKbbP1W8UEYmgGl39WkPZsg=="
    "resolved" "https://registry.npmjs.org/jsonparse/-/jsonparse-1.3.1.tgz"
    "version" "1.3.1"
  
  "JSONStream@^1.3.5":
    "integrity" "sha512-E+iruNOY8VV9s4JEbe1aNEm6MiszPRr/UfcHMz0TQh1BXSxHK+ASV1R6W4HpjBhSeS+54PIsAMCBmwD06LLsqQ=="
    "resolved" "https://registry.npmjs.org/JSONStream/-/JSONStream-1.3.5.tgz"
    "version" "1.3.5"
    dependencies:
      "jsonparse" "^1.2.0"
      "through" ">=2.2.7 <3"
  
  "lodash@^4.17.20":
    "integrity" "sha512-v2kDEe57lecTulaDIuNTPy3Ry4gLGJ6Z1O3vE1krgXZNrsQ+LFTGHVxVjcXPs17LhbZVGedAJv8XZ1tvj5FvSg=="
    "resolved" "https://registry.npmjs.org/lodash/-/lodash-4.17.21.tgz"
    "version" "4.17.21"
  
  "loupe@^2.3.1":
    "integrity" "sha512-OvKfgCC2Ndby6aSTREl5aCCPTNIzlDfQZvZxNUrBrihDhL3xcrYegTblhmEiCrg2kKQz4XsFIaemE5BF4ybSaQ=="
    "resolved" "https://registry.npmjs.org/loupe/-/loupe-2.3.4.tgz"
    "version" "2.3.4"
    dependencies:
      "get-func-name" "^2.0.0"
  
  "minimalistic-assert@^1.0.0", "minimalistic-assert@^1.0.1":
    "integrity" "sha512-UtJcAD4yEaGtjPezWuO9wC4nwUnVH/8/Im3yEHQP4b67cXlD/Qr9hdITCU1xDbSEXg2XKNaP8jsReV7vQd00/A=="
    "resolved" "https://registry.npmjs.org/minimalistic-assert/-/minimalistic-assert-1.0.1.tgz"
    "version" "1.0.1"
  
  "minimalistic-crypto-utils@^1.0.1":
    "integrity" "sha1-9sAMHAsIIkblxNmd+4x8CDsrWCo="
    "resolved" "https://registry.npmjs.org/minimalistic-crypto-utils/-/minimalistic-crypto-utils-1.0.1.tgz"
    "version" "1.0.1"
  
  "node-addon-api@^2.0.0":
    "integrity" "sha512-Ntyt4AIXyaLIuMHF6IOoTakB3K+RWxwtsHNRxllEoA6vPwP9o4866g6YWDLUdnucilZhmkxiHwHr11gAENw+QA=="
    "resolved" "https://registry.npmjs.org/node-addon-api/-/node-addon-api-2.0.2.tgz"
    "version" "2.0.2"
  
  "node-fetch@2":
    "integrity" "sha512-ZjMPFEfVx5j+y2yF35Kzx5sF7kDzxuDj6ziH4FFbOp87zKDZNx8yExJIb05OGF4Nlt9IHFIMBkRl41VdvcNdbQ=="
    "resolved" "https://registry.npmjs.org/node-fetch/-/node-fetch-2.6.7.tgz"
    "version" "2.6.7"
    dependencies:
      "whatwg-url" "^5.0.0"
  
  "node-gyp-build@^4.2.0", "node-gyp-build@^4.3.0":
    "integrity" "sha512-amJnQCcgtRVw9SvoebO3BKGESClrfXGCUTX9hSn1OuGQTQBOZmVd0Z0OlecpuRksKvbsUqALE8jls/ErClAPuQ=="
    "resolved" "https://registry.npmjs.org/node-gyp-build/-/node-gyp-build-4.4.0.tgz"
    "version" "4.4.0"
  
  "pathval@^1.1.1":
    "integrity" "sha512-Dp6zGqpTdETdR63lehJYPeIOqpiNBNtc7BpWSLrOje7UaIsE5aY92r/AunQA7rsXvet3lrJ3JnZX29UPTKXyKQ=="
    "resolved" "https://registry.npmjs.org/pathval/-/pathval-1.1.1.tgz"
    "version" "1.1.1"
  
  "regenerator-runtime@^0.13.4":
    "integrity" "sha512-p3VT+cOEgxFsRRA9X4lkI1E+k2/CtnKtU4gcxyaCUreilL/vqI6CdZ3wxVUx3UOUg+gnUOQQcRI7BmSI656MYA=="
    "resolved" "https://registry.npmjs.org/regenerator-runtime/-/regenerator-runtime-0.13.9.tgz"
    "version" "0.13.9"
  
  "rpc-websockets@^7.4.2":
    "integrity" "sha512-bVu+4qM5CkGVlTqJa6FaAxLbb5uRnyH4te7yjFvoCzbnif7PT4BcvXtNTprHlNvsH+/StB81zUQicxMrUrIomA=="
    "resolved" "https://registry.npmjs.org/rpc-websockets/-/rpc-websockets-7.4.18.tgz"
    "version" "7.4.18"
    dependencies:
      "@babel/runtime" "^7.17.2"
      "eventemitter3" "^4.0.7"
      "uuid" "^8.3.2"
      "ws" "^8.5.0"
    optionalDependencies:
      "bufferutil" "^4.0.1"
      "utf-8-validate" "^5.0.2"
  
  "safe-buffer@^5.0.1":
    "integrity" "sha512-rp3So07KcdmmKbGvgaNxQSJr7bGVSVk5S9Eq1F+ppbRo70+YeaDxkw5Dd8NPN+GD6bjnYm2VuPuCXmpuYvmCXQ=="
    "resolved" "https://registry.npmjs.org/safe-buffer/-/safe-buffer-5.2.1.tgz"
    "version" "5.2.1"
  
  "secp256k1@^4.0.2":
    "integrity" "sha512-NLZVf+ROMxwtEj3Xa562qgv2BK5e2WNmXPiOdVIPLgs6lyTzMvBq0aWTYMI5XCP9jZMVKOcqZLw/Wc4vDkuxhA=="
    "resolved" "https://registry.npmjs.org/secp256k1/-/secp256k1-4.0.3.tgz"
    "version" "4.0.3"
    dependencies:
      "elliptic" "^6.5.4"
      "node-addon-api" "^2.0.0"
      "node-gyp-build" "^4.2.0"
  
  "superstruct@^0.14.2":
    "integrity" "sha512-nPewA6m9mR3d6k7WkZ8N8zpTWfenFH3q9pA2PkuiZxINr9DKB2+40wEQf0ixn8VaGuJ78AB6iWOtStI+/4FKZQ=="
    "resolved" "https://registry.npmjs.org/superstruct/-/superstruct-0.14.2.tgz"
    "version" "0.14.2"
  
  "text-encoding-utf-8@^1.0.2":
    "integrity" "sha512-8bw4MY9WjdsD2aMtO0OzOCY3pXGYNx2d2FfHRVUKkiCPDWjKuOlhLVASS+pD7VkLTVjW268LYJHwsnPFlBpbAg=="
    "resolved" "https://registry.npmjs.org/text-encoding-utf-8/-/text-encoding-utf-8-1.0.2.tgz"
    "version" "1.0.2"
  
  "through@>=2.2.7 <3":
    "integrity" "sha1-DdTJ/6q8NXlgsbckEV1+Doai4fU="
    "resolved" "https://registry.npmjs.org/through/-/through-2.3.8.tgz"
    "version" "2.3.8"
  
  "tr46@~0.0.3":
    "integrity" "sha1-gYT9NH2snNwYWZLzpmIuFLnZq2o="
    "resolved" "https://registry.npmjs.org/tr46/-/tr46-0.0.3.tgz"
    "version" "0.0.3"
  
  "tweetnacl@^1.0.0":
    "integrity" "sha512-6rt+RN7aOi1nGMyC4Xa5DdYiukl2UWCbcJft7YhxReBGQD7OAM8Pbxw6YMo4r2diNEA8FEmu32YOn9rhaiE5yw=="
    "resolved" "https://registry.npmjs.org/tweetnacl/-/tweetnacl-1.0.3.tgz"
    "version" "1.0.3"
  
  "type-detect@^4.0.0", "type-detect@^4.0.5":
    "integrity" "sha512-0fr/mIH1dlO+x7TlcMy+bIDqKPsw/70tVyeHW787goQjhmqaZe10uwLujubK9q9Lg6Fiho1KUKDYz0Z7k7g5/g=="
    "resolved" "https://registry.npmjs.org/type-detect/-/type-detect-4.0.8.tgz"
    "version" "4.0.8"
  
  "utf-8-validate@^5.0.2":
    "integrity" "sha512-Yek7dAy0v3Kl0orwMlvi7TPtiCNrdfHNd7Gcc/pLq4BLXqfAmd0J7OWMizUQnTTJsyjKn02mU7anqwfmUP4J8Q=="
    "resolved" "https://registry.npmjs.org/utf-8-validate/-/utf-8-validate-5.0.9.tgz"
    "version" "5.0.9"
    dependencies:
      "node-gyp-build" "^4.3.0"
  
  "uuid@^8.3.2":
    "integrity" "sha512-+NYs2QeMWy+GWFOEm9xnn6HCDp0l7QBD7ml8zLUmJ+93Q5NF0NocErnwkTkXVFNiX3/fpC6afS8Dhb/gz7R7eg=="
    "resolved" "https://registry.npmjs.org/uuid/-/uuid-8.3.2.tgz"
    "version" "8.3.2"
  
  "webidl-conversions@^3.0.0":
    "integrity" "sha1-JFNCdeKnvGvnvIZhHMFq4KVlSHE="
    "resolved" "https://registry.npmjs.org/webidl-conversions/-/webidl-conversions-3.0.1.tgz"
    "version" "3.0.1"
  
  "whatwg-url@^5.0.0":
    "integrity" "sha1-lmRU6HZUYuN2RNNib2dCzotwll0="
    "resolved" "https://registry.npmjs.org/whatwg-url/-/whatwg-url-5.0.0.tgz"
    "version" "5.0.0"
    dependencies:
      "tr46" "~0.0.3"
      "webidl-conversions" "^3.0.0"
  
  "ws@*", "ws@^7.4.5":
    "integrity" "sha512-ri1Id1WinAX5Jqn9HejiGb8crfRio0Qgu8+MtL36rlTA6RLsMdWt1Az/19A2Qij6uSHUMphEFaTKa4WG+UNHNw=="
    "resolved" "https://registry.npmjs.org/ws/-/ws-7.5.8.tgz"
    "version" "7.5.8"
  
  "ws@^8.5.0":
    "integrity" "sha512-c2gsP0PRwcLFzUiA8Mkr37/MI7ilIlHQxaEAtd0uNMbVMoy8puJyafRlm0bV9MbGSabUPeLrRRaqIBcFcA2Pqg=="
    "resolved" "https://registry.npmjs.org/ws/-/ws-8.7.0.tgz"
    "version" "8.7.0"
